app/build/intermediates/manifest_merge_blame_file/debug/processDebugMainManifest/manifest-merger-blame-debug-report.txt
1<?xml version="1.0" encoding="utf-8"?>
2<manifest xmlns:android="http://schemas.android.com/apk/res/android"
3    package="com.tsar.shield"
4    android:versionCode="1"
5    android:versionName="1.0" >
6
7    <uses-sdk
8        android:minSdkVersion="26"
9        android:targetSdkVersion="34" />
10
11    <!-- Разрешения -->
12    <uses-permission android:name="android.permission.READ_PHONE_STATE" />
12-->src\main\AndroidManifest.xml:6:5-75
12-->src\main\AndroidManifest.xml:6:22-72
13    <uses-permission android:name="android.permission.RECORD_AUDIO" />
13-->src\main\AndroidManifest.xml:7:5-71
13-->src\main\AndroidManifest.xml:7:22-68
14    <uses-permission android:name="android.permission.MODIFY_AUDIO_SETTINGS" />
14-->src\main\AndroidManifest.xml:8:5-80
14-->src\main\AndroidManifest.xml:8:22-77
15    <uses-permission android:name="android.permission.VIBRATE" />
15-->src\main\AndroidManifest.xml:9:5-66
15-->src\main\AndroidManifest.xml:9:22-63
16    <uses-permission android:name="android.permission.SYSTEM_ALERT_WINDOW" />
16-->src\main\AndroidManifest.xml:10:5-78
16-->src\main\AndroidManifest.xml:10:22-75
17    <uses-permission android:name="android.permission.INTERNET" />
17-->src\main\AndroidManifest.xml:11:5-67
17-->src\main\AndroidManifest.xml:11:22-64
18    <uses-permission android:name="android.permission.ACCESS_NETWORK_STATE" />
18-->src\main\AndroidManifest.xml:12:5-79
18-->src\main\AndroidManifest.xml:12:22-76
19    <uses-permission android:name="android.permission.BLUETOOTH_CONNECT" />
19-->src\main\AndroidManifest.xml:13:5-76
19-->src\main\AndroidManifest.xml:13:22-73
20    <uses-permission android:name="android.permission.FOREGROUND_SERVICE" />
20-->src\main\AndroidManifest.xml:14:5-77
20-->src\main\AndroidManifest.xml:14:22-74
21    <uses-permission android:name="android.permission.WAKE_LOCK" />
21-->src\main\AndroidManifest.xml:15:5-68
21-->src\main\AndroidManifest.xml:15:22-65
22    <uses-permission android:name="android.permission.POST_NOTIFICATIONS" />
22-->src\main\AndroidManifest.xml:16:5-77
22-->src\main\AndroidManifest.xml:16:22-74
23    <uses-permission android:name="android.permission.READ_CONTACTS" />
23-->src\main\AndroidManifest.xml:17:5-72
23-->src\main\AndroidManifest.xml:17:22-69
24    <uses-permission android:name="android.permission.READ_CALL_LOG" />
24-->src\main\AndroidManifest.xml:18:5-72
24-->src\main\AndroidManifest.xml:18:22-69
25
26    <!-- Для Android 13+ -->
27    <uses-permission android:name="android.permission.READ_MEDIA_AUDIO" />
27-->src\main\AndroidManifest.xml:21:5-75
27-->src\main\AndroidManifest.xml:21:22-72
28
29    <!-- Для работы с микрофоном в фоне -->
30    <uses-permission android:name="android.permission.FOREGROUND_SERVICE_MICROPHONE" />
30-->src\main\AndroidManifest.xml:24:5-88
30-->src\main\AndroidManifest.xml:24:22-85
31
32    <permission
32-->[androidx.core:core:1.12.0] AndroidManifest.xml:22:5-24:47
33        android:name="com.tsar.shield.DYNAMIC_RECEIVER_NOT_EXPORTED_PERMISSION"
33-->[androidx.core:core:1.12.0] AndroidManifest.xml:23:9-81
34        android:protectionLevel="signature" />
34-->[androidx.core:core:1.12.0] AndroidManifest.xml:24:9-44
35
36    <uses-permission android:name="com.tsar.shield.DYNAMIC_RECEIVER_NOT_EXPORTED_PERMISSION" />
36-->[androidx.core:core:1.12.0] AndroidManifest.xml:26:5-97
36-->[androidx.core:core:1.12.0] AndroidManifest.xml:26:22-94
37
38    <application
38-->src\main\AndroidManifest.xml:26:5-162:19
39        android:name="com.tsar.shield.TsarShieldApplication"
39-->src\main\AndroidManifest.xml:27:9-46
40        android:allowBackup="true"
40-->src\main\AndroidManifest.xml:28:9-35
41        android:appComponentFactory="androidx.core.app.CoreComponentFactory"
41-->[androidx.core:core:1.12.0] AndroidManifest.xml:28:18-86
42        android:dataExtractionRules="@xml/data_extraction_rules"
42-->src\main\AndroidManifest.xml:29:9-65
43        android:debuggable="true"
44        android:extractNativeLibs="false"
45        android:fullBackupContent="@xml/backup_rules"
45-->src\main\AndroidManifest.xml:30:9-54
46        android:icon="@mipmap/ic_launcher"
46-->src\main\AndroidManifest.xml:31:9-43
47        android:label="@string/app_name"
47-->src\main\AndroidManifest.xml:32:9-41
48        android:roundIcon="@mipmap/ic_launcher_round"
48-->src\main\AndroidManifest.xml:33:9-54
49        android:supportsRtl="true"
49-->src\main\AndroidManifest.xml:34:9-35
50        android:theme="@style/Theme.TsarShield"
50-->src\main\AndroidManifest.xml:35:9-48
51        android:usesCleartextTraffic="false" >
51-->src\main\AndroidManifest.xml:36:9-45
52
53        <!-- Основная активность -->
54        <activity
54-->src\main\AndroidManifest.xml:41:9-55:20
55            android:name="com.tsar.shield.ui.MainActivity"
55-->src\main\AndroidManifest.xml:42:13-44
56            android:exported="true"
56-->src\main\AndroidManifest.xml:43:13-36
57            android:launchMode="singleTop"
57-->src\main\AndroidManifest.xml:44:13-43
58            android:windowSoftInputMode="adjustResize" >
58-->src\main\AndroidManifest.xml:45:13-55
59            <intent-filter>
59-->src\main\AndroidManifest.xml:46:13-49:29
60                <action android:name="android.intent.action.MAIN" />
60-->src\main\AndroidManifest.xml:47:17-69
60-->src\main\AndroidManifest.xml:47:25-66
61
62                <category android:name="android.intent.category.LAUNCHER" />
62-->src\main\AndroidManifest.xml:48:17-77
62-->src\main\AndroidManifest.xml:48:27-74
63            </intent-filter>
64
65            <!-- Для открытия настроек CallScreening -->
66            <intent-filter>
66-->src\main\AndroidManifest.xml:52:13-54:29
67                <action android:name="android.telecom.action.CHANGE_DEFAULT_DIALER" />
67-->src\main\AndroidManifest.xml:53:17-87
67-->src\main\AndroidManifest.xml:53:25-84
68            </intent-filter>
69        </activity>
70
71        <!-- Служба перехвата вызовов (CallScreening) -->
72        <service
72-->src\main\AndroidManifest.xml:58:9-69:19
73            android:name="com.tsar.shield.service.CallScreeningService"
73-->src\main\AndroidManifest.xml:59:13-57
74            android:enabled="true"
74-->src\main\AndroidManifest.xml:62:13-35
75            android:exported="true"
75-->src\main\AndroidManifest.xml:61:13-36
76            android:permission="android.permission.BIND_SCREENING_SERVICE" >
76-->src\main\AndroidManifest.xml:60:13-75
77            <intent-filter>
77-->src\main\AndroidManifest.xml:63:13-65:29
78                <action android:name="android.telecom.CallScreeningService" />
78-->src\main\AndroidManifest.xml:64:17-79
78-->src\main\AndroidManifest.xml:64:25-76
79            </intent-filter>
80
81            <meta-data
81-->src\main\AndroidManifest.xml:66:13-68:66
82                android:name="android.telecom.CallScreeningService"
82-->src\main\AndroidManifest.xml:67:17-68
83                android:resource="@xml/call_screening_service" />
83-->src\main\AndroidManifest.xml:68:17-63
84        </service>
85
86        <!-- Служба Accessibility -->
87        <service
87-->src\main\AndroidManifest.xml:72:9-83:19
88            android:name="com.tsar.shield.service.AccessibilityService"
88-->src\main\AndroidManifest.xml:73:13-57
89            android:enabled="true"
89-->src\main\AndroidManifest.xml:76:13-35
90            android:exported="true"
90-->src\main\AndroidManifest.xml:75:13-36
91            android:permission="android.permission.BIND_ACCESSIBILITY_SERVICE" >
91-->src\main\AndroidManifest.xml:74:13-79
92            <intent-filter>
92-->src\main\AndroidManifest.xml:77:13-79:29
93                <action android:name="android.accessibilityservice.AccessibilityService" />
93-->src\main\AndroidManifest.xml:78:17-92
93-->src\main\AndroidManifest.xml:78:25-89
94            </intent-filter>
95
96            <meta-data
96-->src\main\AndroidManifest.xml:80:13-82:72
97                android:name="android.accessibilityservice"
97-->src\main\AndroidManifest.xml:81:17-60
98                android:resource="@xml/accessibility_service_config" />
98-->src\main\AndroidManifest.xml:82:17-69
99        </service>
100
101        <!-- Служба STT (распознавание речи) -->
102        <service
102-->src\main\AndroidManifest.xml:86:9-89:58
103            android:name="com.tsar.shield.service.STTService"
103-->src\main\AndroidManifest.xml:87:13-47
104            android:exported="false"
104-->src\main\AndroidManifest.xml:88:13-37
105            android:foregroundServiceType="microphone" />
105-->src\main\AndroidManifest.xml:89:13-55
106
107        <!-- Служба для оверлея -->
108        <service
108-->src\main\AndroidManifest.xml:92:9-95:58
109            android:name="com.tsar.shield.ui.OverlayService"
109-->src\main\AndroidManifest.xml:93:13-46
110            android:exported="false"
110-->src\main\AndroidManifest.xml:94:13-37
111            android:foregroundServiceType="specialUse" />
111-->src\main\AndroidManifest.xml:95:13-55
112
113        <!-- Служба синхронизации -->
114        <service
114-->src\main\AndroidManifest.xml:98:9-100:40
115            android:name="com.tsar.shield.sync.SyncService"
115-->src\main\AndroidManifest.xml:99:13-45
116            android:exported="false" />
116-->src\main\AndroidManifest.xml:100:13-37
117
118        <!-- Провайдер контента для настроек -->
119        <provider
120            android:name="androidx.core.content.FileProvider"
120-->src\main\AndroidManifest.xml:104:13-62
121            android:authorities="com.tsar.shield.fileprovider"
121-->src\main\AndroidManifest.xml:105:13-64
122            android:exported="false"
122-->src\main\AndroidManifest.xml:106:13-37
123            android:grantUriPermissions="true" >
123-->src\main\AndroidManifest.xml:107:13-47
124            <meta-data
124-->src\main\AndroidManifest.xml:108:13-110:54
125                android:name="android.support.FILE_PROVIDER_PATHS"
125-->src\main\AndroidManifest.xml:109:17-67
126                android:resource="@xml/file_paths" />
126-->src\main\AndroidManifest.xml:110:17-51
127        </provider>
128
129        <!-- Receiver для событий телефонии -->
130        <receiver
130-->src\main\AndroidManifest.xml:114:9-122:20
131            android:name="com.tsar.shield.receiver.PhoneStateReceiver"
131-->src\main\AndroidManifest.xml:115:13-56
132            android:enabled="true"
132-->src\main\AndroidManifest.xml:117:13-35
133            android:exported="true" >
133-->src\main\AndroidManifest.xml:116:13-36
134            <intent-filter>
134-->src\main\AndroidManifest.xml:118:13-121:29
135                <action android:name="android.intent.action.PHONE_STATE" />
135-->src\main\AndroidManifest.xml:119:17-76
135-->src\main\AndroidManifest.xml:119:25-73
136                <action android:name="android.intent.action.NEW_OUTGOING_CALL" />
136-->src\main\AndroidManifest.xml:120:17-82
136-->src\main\AndroidManifest.xml:120:25-79
137            </intent-filter>
138        </receiver>
139
140        <!-- Receiver для событий загрузки -->
141        <receiver
141-->src\main\AndroidManifest.xml:125:9-134:20
142            android:name="com.tsar.shield.receiver.BootReceiver"
142-->src\main\AndroidManifest.xml:126:13-50
143            android:enabled="true"
143-->src\main\AndroidManifest.xml:128:13-35
144            android:exported="true" >
144-->src\main\AndroidManifest.xml:127:13-36
145            <intent-filter>
145-->src\main\AndroidManifest.xml:129:13-133:29
146                <action android:name="android.intent.action.BOOT_COMPLETED" />
146-->src\main\AndroidManifest.xml:130:17-79
146-->src\main\AndroidManifest.xml:130:25-76
147                <action android:name="android.intent.action.QUICKBOOT_POWERON" />
147-->src\main\AndroidManifest.xml:131:17-82
147-->src\main\AndroidManifest.xml:131:25-79
148                <action android:name="com.htc.intent.action.QUICKBOOT_POWERON" />
148-->src\main\AndroidManifest.xml:132:17-82
148-->src\main\AndroidManifest.xml:132:25-79
149            </intent-filter>
150        </receiver>
151
152        <!-- Receiver для событий пакетов -->
153        <receiver
153-->src\main\AndroidManifest.xml:137:9-147:20
154            android:name="com.tsar.shield.receiver.PackageReceiver"
154-->src\main\AndroidManifest.xml:138:13-53
155            android:enabled="true"
155-->src\main\AndroidManifest.xml:140:13-35
156            android:exported="true" >
156-->src\main\AndroidManifest.xml:139:13-36
157            <intent-filter>
157-->src\main\AndroidManifest.xml:141:13-146:29
158                <action android:name="android.intent.action.PACKAGE_ADDED" />
158-->src\main\AndroidManifest.xml:142:17-78
158-->src\main\AndroidManifest.xml:142:25-75
159                <action android:name="android.intent.action.PACKAGE_REPLACED" />
159-->src\main\AndroidManifest.xml:143:17-81
159-->src\main\AndroidManifest.xml:143:25-78
160                <action android:name="android.intent.action.PACKAGE_REMOVED" />
160-->src\main\AndroidManifest.xml:144:17-80
160-->src\main\AndroidManifest.xml:144:25-77
161
162                <data android:scheme="package" />
162-->src\main\AndroidManifest.xml:145:17-50
162-->src\main\AndroidManifest.xml:145:23-47
163            </intent-filter>
164        </receiver>
165
166        <!-- WorkManager для периодических задач -->
167        <provider
168            android:name="androidx.work.impl.WorkManagerInitializer"
168-->src\main\AndroidManifest.xml:151:13-69
169            android:authorities="com.tsar.shield.workmanager-init"
169-->src\main\AndroidManifest.xml:152:13-68
170            android:exported="false" />
170-->src\main\AndroidManifest.xml:153:13-37
171
172        <!-- Мета-данные для Hilt -->
173        <meta-data
173-->src\main\AndroidManifest.xml:157:9-160:45
174            android:name="dagger.hilt.android.internal.testing.Injector"
174-->src\main\AndroidManifest.xml:158:13-73
175            android:value="TsarShieldApplication_HiltComponents.SingletonC" />
175-->src\main\AndroidManifest.xml:159:13-76
176
177        <provider
177-->[androidx.emoji2:emoji2:1.2.0] AndroidManifest.xml:24:9-32:20
178            android:name="androidx.startup.InitializationProvider"
178-->[androidx.emoji2:emoji2:1.2.0] AndroidManifest.xml:25:13-67
179            android:authorities="com.tsar.shield.androidx-startup"
179-->[androidx.emoji2:emoji2:1.2.0] AndroidManifest.xml:26:13-68
180            android:exported="false" >
180-->[androidx.emoji2:emoji2:1.2.0] AndroidManifest.xml:27:13-37
181            <meta-data
181-->[androidx.emoji2:emoji2:1.2.0] AndroidManifest.xml:29:13-31:52
182                android:name="androidx.emoji2.text.EmojiCompatInitializer"
182-->[androidx.emoji2:emoji2:1.2.0] AndroidManifest.xml:30:17-75
183                android:value="androidx.startup" />
183-->[androidx.emoji2:emoji2:1.2.0] AndroidManifest.xml:31:17-49
184            <meta-data
184-->[androidx.lifecycle:lifecycle-process:2.7.0] AndroidManifest.xml:29:13-31:52
185                android:name="androidx.lifecycle.ProcessLifecycleInitializer"
185-->[androidx.lifecycle:lifecycle-process:2.7.0] AndroidManifest.xml:30:17-78
186                android:value="androidx.startup" />
186-->[androidx.lifecycle:lifecycle-process:2.7.0] AndroidManifest.xml:31:17-49
187            <meta-data
187-->[androidx.profileinstaller:profileinstaller:1.3.0] AndroidManifest.xml:29:13-31:52
188                android:name="androidx.profileinstaller.ProfileInstallerInitializer"
188-->[androidx.profileinstaller:profileinstaller:1.3.0] AndroidManifest.xml:30:17-85
189                android:value="androidx.startup" />
189-->[androidx.profileinstaller:profileinstaller:1.3.0] AndroidManifest.xml:31:17-49
190        </provider>
191
192        <service
192-->[androidx.room:room-runtime:2.6.1] AndroidManifest.xml:24:9-28:63
193            android:name="androidx.room.MultiInstanceInvalidationService"
193-->[androidx.room:room-runtime:2.6.1] AndroidManifest.xml:25:13-74
194            android:directBootAware="true"
194-->[androidx.room:room-runtime:2.6.1] AndroidManifest.xml:26:13-43
195            android:exported="false" />
195-->[androidx.room:room-runtime:2.6.1] AndroidManifest.xml:27:13-37
196
197        <receiver
197-->[androidx.profileinstaller:profileinstaller:1.3.0] AndroidManifest.xml:34:9-52:20
198            android:name="androidx.profileinstaller.ProfileInstallReceiver"
198-->[androidx.profileinstaller:profileinstaller:1.3.0] AndroidManifest.xml:35:13-76
199            android:directBootAware="false"
199-->[androidx.profileinstaller:profileinstaller:1.3.0] AndroidManifest.xml:36:13-44
200            android:enabled="true"
200-->[androidx.profileinstaller:profileinstaller:1.3.0] AndroidManifest.xml:37:13-35
201            android:exported="true"
201-->[androidx.profileinstaller:profileinstaller:1.3.0] AndroidManifest.xml:38:13-36
202            android:permission="android.permission.DUMP" >
202-->[androidx.profileinstaller:profileinstaller:1.3.0] AndroidManifest.xml:39:13-57
203            <intent-filter>
203-->[androidx.profileinstaller:profileinstaller:1.3.0] AndroidManifest.xml:40:13-42:29
204                <action android:name="androidx.profileinstaller.action.INSTALL_PROFILE" />
204-->[androidx.profileinstaller:profileinstaller:1.3.0] AndroidManifest.xml:41:17-91
204-->[androidx.profileinstaller:profileinstaller:1.3.0] AndroidManifest.xml:41:25-88
205            </intent-filter>
206            <intent-filter>
206-->[androidx.profileinstaller:profileinstaller:1.3.0] AndroidManifest.xml:43:13-45:29
207                <action android:name="androidx.profileinstaller.action.SKIP_FILE" />
207-->[androidx.profileinstaller:profileinstaller:1.3.0] AndroidManifest.xml:44:17-85
207-->[androidx.profileinstaller:profileinstaller:1.3.0] AndroidManifest.xml:44:25-82
208            </intent-filter>
209            <intent-filter>
209-->[androidx.profileinstaller:profileinstaller:1.3.0] AndroidManifest.xml:46:13-48:29
210                <action android:name="androidx.profileinstaller.action.SAVE_PROFILE" />
210-->[androidx.profileinstaller:profileinstaller:1.3.0] AndroidManifest.xml:47:17-88
210-->[androidx.profileinstaller:profileinstaller:1.3.0] AndroidManifest.xml:47:25-85
211            </intent-filter>
212            <intent-filter>
212-->[androidx.profileinstaller:profileinstaller:1.3.0] AndroidManifest.xml:49:13-51:29
213                <action android:name="androidx.profileinstaller.action.BENCHMARK_OPERATION" />
213-->[androidx.profileinstaller:profileinstaller:1.3.0] AndroidManifest.xml:50:17-95
213-->[androidx.profileinstaller:profileinstaller:1.3.0] AndroidManifest.xml:50:25-92
214            </intent-filter>
215        </receiver>
216    </application>
217
218</manifest>